<?xml version="1.0" encoding="UTF-8"?>
<!-- Generated by org.testng.reporters.JUnitXMLReporter -->
<testsuite ignored="0" hostname="DESKTOP-7FN93ST" failures="0" tests="3" name="Default test" time="12.376" errors="0" timestamp="2023-10-24T13:06:47 EET">
  <testcase classname="project4.TestCase1" name="LoginWithPerformanceUser" time="3.612"/>
  <testcase classname="project4.TestCase1" name="LoginWithProblemUser" time="3.478"/>
  <testcase classname="project4.TestCase1" name="LoginWithStandardUser" time="3.418"/>
</testsuite> <!-- Default test -->
