<?xml version="1.0" encoding="UTF-8"?>
<testng-results ignored="0" total="3" passed="3" failed="0" skipped="0">
  <reporter-output>
  </reporter-output>
  <suite started-at="2023-10-24T13:06:35 EET" name="Default suite" finished-at="2023-10-24T13:06:47 EET" duration-ms="12376">
    <groups>
    </groups>
    <test started-at="2023-10-24T13:06:35 EET" name="Default test" finished-at="2023-10-24T13:06:47 EET" duration-ms="12376">
      <class name="project4.TestCase1">
        <test-method is-config="true" signature="mySetup()[pri:0, instance:project4.TestCase1@263f04ca]" started-at="2023-10-24T13:06:35 EET" name="mySetup" finished-at="2023-10-24T13:06:36 EET" duration-ms="1385" status="PASS">
          <reporter-output>
          </reporter-output>
        </test-method> <!-- mySetup -->
        <test-method signature="LoginWithPerformanceUser()[pri:0, instance:project4.TestCase1@263f04ca]" started-at="2023-10-24T13:06:36 EET" name="LoginWithPerformanceUser" finished-at="2023-10-24T13:06:40 EET" duration-ms="3612" status="PASS">
          <reporter-output>
          </reporter-output>
        </test-method> <!-- LoginWithPerformanceUser -->
        <test-method is-config="true" signature="mySetup()[pri:0, instance:project4.TestCase1@263f04ca]" started-at="2023-10-24T13:06:40 EET" name="mySetup" finished-at="2023-10-24T13:06:40 EET" duration-ms="190" status="PASS">
          <reporter-output>
          </reporter-output>
        </test-method> <!-- mySetup -->
        <test-method signature="LoginWithProblemUser()[pri:0, instance:project4.TestCase1@263f04ca]" started-at="2023-10-24T13:06:40 EET" name="LoginWithProblemUser" finished-at="2023-10-24T13:06:43 EET" duration-ms="3478" status="PASS">
          <reporter-output>
          </reporter-output>
        </test-method> <!-- LoginWithProblemUser -->
        <test-method is-config="true" signature="mySetup()[pri:0, instance:project4.TestCase1@263f04ca]" started-at="2023-10-24T13:06:43 EET" name="mySetup" finished-at="2023-10-24T13:06:44 EET" duration-ms="169" status="PASS">
          <reporter-output>
          </reporter-output>
        </test-method> <!-- mySetup -->
        <test-method signature="LoginWithStandardUser()[pri:0, instance:project4.TestCase1@263f04ca]" started-at="2023-10-24T13:06:44 EET" name="LoginWithStandardUser" finished-at="2023-10-24T13:06:47 EET" duration-ms="3418" status="PASS">
          <reporter-output>
          </reporter-output>
        </test-method> <!-- LoginWithStandardUser -->
        <test-method is-config="true" signature="myPostTesting()[pri:0, instance:project4.TestCase1@263f04ca]" started-at="2023-10-24T13:06:47 EET" name="myPostTesting" finished-at="2023-10-24T13:06:47 EET" duration-ms="0" status="PASS">
          <reporter-output>
          </reporter-output>
        </test-method> <!-- myPostTesting -->
      </class> <!-- project4.TestCase1 -->
    </test> <!-- Default test -->
  </suite> <!-- Default suite -->
</testng-results>
